<?xml version="1.0" encoding="UTF-8"?>
<testsuite xmlns:xsi="http://www.w3.org/2001/XMLSchema-instance" xsi:noNamespaceSchemaLocation="https://maven.apache.org/surefire/maven-surefire-plugin/xsd/surefire-test-report.xsd" name="com.testassignment04.AccountTest" time="0.036" tests="4" errors="2" skipped="0" failures="1">
  <properties>
[...]
</properties>
  <testcase name="testDeposit_with_zero_negative_amount" classname="com.testassignment04.AccountTest" time="0.024">
    <failure message="Unexpected exception type thrown ==&gt; expected: &lt;java.lang.IllegalArgumentException&gt; but was: &lt;java.lang.NullPointerException&gt;" type="org.opentest4j.AssertionFailedError"><![CDATA[org.opentest4j.AssertionFailedError: Unexpected exception type thrown ==> expected: <java.lang.IllegalArgumentException> but was: <java.lang.NullPointerException>
	at com.testassignment04.AccountTest.testDeposit_with_zero_negative_amount(AccountTest.java:43)
Caused by: java.lang.NullPointerException
	at com.testassignment04.AccountTest.lambda$testDeposit_with_zero_negative_amount$0(AccountTest.java:43)
	at com.testassignment04.AccountTest.testDeposit_with_zero_negative_amount(AccountTest.java:43)
]]></failure>
  </testcase>
  <testcase name="testWithdraw_with_invalid_amount" classname="com.testassignment04.AccountTest" time="0.002">
    <error type="java.lang.NullPointerException">java.lang.NullPointerException
	at com.testassignment04.AccountTest.testWithdraw_with_invalid_amount(AccountTest.java:49)
</error>
  </testcase>
  <testcase name="Default_Balance" classname="com.testassignment04.AccountTest" time="0.002"/>
  <testcase name="testDeposit_with_positive_amount" classname="com.testassignment04.AccountTest" time="0.001">
    <error type="java.lang.NullPointerException">java.lang.NullPointerException
	at com.testassignment04.AccountTest.testDeposit_with_positive_amount(AccountTest.java:36)
</error>
  </testcase>
</testsuite>